{"name":"9Challenge","hostname":"Jonathans-MBP","pid":9549,"level":30,"msg":"9Challenge listening at http://[::]:8080","time":"2019-09-22T00:01:00.138Z","v":0}
{"name":"9Challenge","hostname":"Jonathans-MBP","pid":9554,"level":30,"msg":"9Challenge listening at http://[::]:8080","time":"2019-09-22T00:01:06.321Z","v":0}
{"name":"9Challenge","hostname":"Jonathans-MBP","pid":9567,"level":30,"msg":"9Challenge listening at http://[::]:8080","time":"2019-09-22T00:01:32.820Z","v":0}
{"name":"9Challenge","hostname":"Jonathans-MBP","pid":9572,"level":30,"msg":"9Challenge listening at http://[::]:8080","time":"2019-09-22T00:02:15.673Z","v":0}
{"name":"9Challenge","hostname":"Jonathans-MBP","pid":9587,"level":30,"msg":"9Challenge listening at http://[::]:8080","time":"2019-09-22T00:02:58.916Z","v":0}
{"name":"9Challenge","hostname":"Jonathans-MBP","pid":9587,"level":10,"msg":"GET / 404 11 ms","time":"2019-09-22T00:03:05.455Z","v":0}
{"name":"9Challenge","hostname":"Jonathans-MBP","pid":9587,"level":10,"msg":"GET /apple-touch-icon-precomposed.png 404 1 ms","time":"2019-09-22T00:03:05.510Z","v":0}
{"name":"9Challenge","hostname":"Jonathans-MBP","pid":9587,"level":10,"msg":"GET /apple-touch-icon.png 404 1 ms","time":"2019-09-22T00:03:05.512Z","v":0}
{"name":"9Challenge","hostname":"Jonathans-MBP","pid":9587,"level":10,"msg":"GET /favicon.ico 404 3 ms","time":"2019-09-22T00:03:05.535Z","v":0}
{"name":"9Challenge","hostname":"Jonathans-MBP","pid":9587,"level":10,"msg":"GET / 404 1 ms","time":"2019-09-22T00:03:22.835Z","v":0}
{"name":"9Challenge","hostname":"Jonathans-MBP","pid":9587,"level":10,"msg":"GET / 404 0 ms","time":"2019-09-22T00:03:23.392Z","v":0}
{"name":"9Challenge","hostname":"Jonathans-MBP","pid":9587,"level":10,"msg":"GET /api 404 0 ms","time":"2019-09-22T00:03:24.220Z","v":0}
{"name":"9Challenge","hostname":"Jonathans-MBP","pid":9587,"level":10,"msg":"GET /favicon.ico 404 0 ms","time":"2019-09-22T00:03:24.241Z","v":0}
{"name":"9Challenge","hostname":"Jonathans-MBP","pid":9611,"level":30,"msg":"9Challenge listening at http://[::]:8080","time":"2019-09-22T00:04:02.196Z","v":0}
{"name":"9Challenge","hostname":"Jonathans-MBP","pid":9611,"level":10,"msg":"GET /api 404 7 ms","time":"2019-09-22T00:04:02.933Z","v":0}
{"name":"9Challenge","hostname":"Jonathans-MBP","pid":9611,"level":10,"msg":"GET /api 404 1 ms","time":"2019-09-22T00:04:04.028Z","v":0}
{"name":"9Challenge","hostname":"Jonathans-MBP","pid":9611,"level":10,"msg":"GET /api 404 0 ms","time":"2019-09-22T00:04:04.984Z","v":0}
{"name":"9Challenge","hostname":"Jonathans-MBP","pid":9611,"level":10,"msg":"GET / 404 0 ms","time":"2019-09-22T00:04:05.319Z","v":0}
{"name":"9Challenge","hostname":"Jonathans-MBP","pid":9611,"level":10,"msg":"GET / 404 0 ms","time":"2019-09-22T00:04:05.882Z","v":0}
{"name":"9Challenge","hostname":"Jonathans-MBP","pid":9611,"level":10,"msg":"GET / 404 1 ms","time":"2019-09-22T00:04:09.254Z","v":0}
{"name":"9Challenge","hostname":"Jonathans-MBP","pid":9611,"level":10,"msg":"GET /api 404 1 ms","time":"2019-09-22T00:04:10.892Z","v":0}
{"name":"9Challenge","hostname":"Jonathans-MBP","pid":9611,"level":10,"msg":"GET /api/ 404 0 ms","time":"2019-09-22T00:04:11.239Z","v":0}
{"name":"9Challenge","hostname":"Jonathans-MBP","pid":9611,"level":10,"msg":"GET /api 404 0 ms","time":"2019-09-22T00:04:16.647Z","v":0}
{"name":"9Challenge","hostname":"Jonathans-MBP","pid":9611,"level":10,"msg":"GET / 404 0 ms","time":"2019-09-22T00:04:17.175Z","v":0}
{"name":"9Challenge","hostname":"Jonathans-MBP","pid":9611,"level":10,"msg":"GET / 404 0 ms","time":"2019-09-22T00:04:17.461Z","v":0}
{"name":"9Challenge","hostname":"Jonathans-MBP","pid":9611,"level":10,"msg":"GET / 404 0 ms","time":"2019-09-22T00:04:25.490Z","v":0}
{"name":"9Challenge","hostname":"Jonathans-MBP","pid":9611,"level":10,"msg":"GET /yolo 404 0 ms","time":"2019-09-22T00:04:27.645Z","v":0}
{"name":"9Challenge","hostname":"Jonathans-MBP","pid":9611,"level":10,"msg":"GET /favicon.ico 404 0 ms","time":"2019-09-22T00:04:27.658Z","v":0}
{"name":"9Challenge","hostname":"Jonathans-MBP","pid":9611,"level":10,"msg":"GET /yolo 404 0 ms","time":"2019-09-22T00:04:30.554Z","v":0}
{"name":"9Challenge","hostname":"Jonathans-MBP","pid":9611,"level":10,"msg":"GET /api/olo 404 0 ms","time":"2019-09-22T00:04:31.513Z","v":0}
{"name":"9Challenge","hostname":"Jonathans-MBP","pid":9611,"level":10,"msg":"GET /favicon.ico 404 0 ms","time":"2019-09-22T00:04:31.530Z","v":0}
{"name":"9Challenge","hostname":"Jonathans-MBP","pid":9630,"level":30,"msg":"9Challenge listening at http://[::]:8080","time":"2019-09-22T00:04:38.414Z","v":0}
{"name":"9Challenge","hostname":"Jonathans-MBP","pid":9630,"level":10,"msg":"GET /api/olo 200 14 ms","time":"2019-09-22T00:04:40.063Z","v":0}
{"name":"9Challenge","hostname":"Jonathans-MBP","pid":9630,"level":10,"msg":"GET /api/olo 200 2 ms","time":"2019-09-22T00:04:41.531Z","v":0}
{"name":"9Challenge","hostname":"Jonathans-MBP","pid":9630,"level":10,"msg":"GET /api/ 200 1 ms","time":"2019-09-22T00:04:46.775Z","v":0}
{"name":"9Challenge","hostname":"Jonathans-MBP","pid":9630,"level":10,"msg":"GET /api/ 200 1 ms","time":"2019-09-22T00:04:47.029Z","v":0}
{"name":"9Challenge","hostname":"Jonathans-MBP","pid":9635,"level":30,"msg":"9Challenge listening at http://[::]:8080","time":"2019-09-22T00:04:58.730Z","v":0}
{"name":"9Challenge","hostname":"Jonathans-MBP","pid":9635,"level":10,"msg":"GET /api/ 404 6 ms","time":"2019-09-22T00:04:59.013Z","v":0}
{"name":"9Challenge","hostname":"Jonathans-MBP","pid":9635,"level":10,"msg":"GET /api 404 1 ms","time":"2019-09-22T00:05:01.552Z","v":0}
{"name":"9Challenge","hostname":"Jonathans-MBP","pid":9635,"level":10,"msg":"GET / 404 1 ms","time":"2019-09-22T00:05:02.082Z","v":0}
{"name":"9Challenge","hostname":"Jonathans-MBP","pid":9635,"level":10,"msg":"GET / 404 0 ms","time":"2019-09-22T00:05:02.369Z","v":0}
{"name":"9Challenge","hostname":"Jonathans-MBP","pid":9635,"level":10,"msg":"GET / 404 0 ms","time":"2019-09-22T00:05:04.350Z","v":0}
{"name":"9Challenge","hostname":"Jonathans-MBP","pid":9635,"level":10,"msg":"GET / 404 0 ms","time":"2019-09-22T00:05:05.154Z","v":0}
{"name":"9Challenge","hostname":"Jonathans-MBP","pid":9635,"level":10,"msg":"GET / 404 1 ms","time":"2019-09-22T00:05:05.851Z","v":0}
{"name":"9Challenge","hostname":"Jonathans-MBP","pid":9635,"level":10,"msg":"GET / 404 0 ms","time":"2019-09-22T00:05:07.277Z","v":0}
{"name":"9Challenge","hostname":"Jonathans-MBP","pid":9635,"level":10,"msg":"GET / 404 0 ms","time":"2019-09-22T00:05:08.176Z","v":0}
{"name":"9Challenge","hostname":"Jonathans-MBP","pid":9635,"level":10,"msg":"GET // 200 7 ms","time":"2019-09-22T00:05:08.815Z","v":0}
{"name":"9Challenge","hostname":"Jonathans-MBP","pid":9644,"level":30,"msg":"9Challenge listening at http://[::]:8080","time":"2019-09-22T00:05:15.222Z","v":0}
{"name":"9Challenge","hostname":"Jonathans-MBP","pid":9644,"level":10,"msg":"GET // 200 13 ms","time":"2019-09-22T00:05:15.762Z","v":0}
{"name":"9Challenge","hostname":"Jonathans-MBP","pid":9644,"level":10,"msg":"GET / 200 2 ms","time":"2019-09-22T00:05:17.414Z","v":0}
{"name":"9Challenge","hostname":"Jonathans-MBP","pid":9644,"level":10,"msg":"GET / 200 1 ms","time":"2019-09-22T00:05:17.692Z","v":0}
{"name":"9Challenge","hostname":"Jonathans-MBP","pid":9644,"level":10,"msg":"GET / 200 1 ms","time":"2019-09-22T00:05:28.682Z","v":0}
{"name":"9Challenge","hostname":"Jonathans-MBP","pid":9644,"level":10,"msg":"GET / 200 1 ms","time":"2019-09-22T00:05:28.965Z","v":0}
{"name":"9Challenge","hostname":"Jonathans-MBP","pid":9644,"level":10,"msg":"GET / 200 1 ms","time":"2019-09-22T00:05:30.540Z","v":0}
{"name":"9Challenge","hostname":"Jonathans-MBP","pid":9644,"level":10,"msg":"GET // 200 1 ms","time":"2019-09-22T00:05:30.774Z","v":0}
{"name":"9Challenge","hostname":"Jonathans-MBP","pid":9644,"level":10,"msg":"GET / 200 1 ms","time":"2019-09-22T00:05:31.173Z","v":0}
{"name":"9Challenge","hostname":"Jonathans-MBP","pid":9644,"level":10,"msg":"GET /yolo 404 2 ms","time":"2019-09-22T00:05:31.508Z","v":0}
{"name":"9Challenge","hostname":"Jonathans-MBP","pid":9644,"level":10,"msg":"GET /yolo 404 1 ms","time":"2019-09-22T00:05:32.343Z","v":0}
{"name":"9Challenge","hostname":"Jonathans-MBP","pid":9644,"level":10,"msg":"GET /yolo 404 0 ms","time":"2019-09-22T00:05:32.911Z","v":0}
{"name":"9Challenge","hostname":"Jonathans-MBP","pid":9654,"level":30,"msg":"9Challenge listening at http://[::]:8080","time":"2019-09-22T00:05:40.848Z","v":0}
{"name":"9Challenge","hostname":"Jonathans-MBP","pid":9654,"level":10,"msg":"GET /yolo 200 15 ms","time":"2019-09-22T00:05:42.000Z","v":0}
{"name":"9Challenge","hostname":"Jonathans-MBP","pid":9657,"level":30,"msg":"9Challenge listening at http://[::]:8080","time":"2019-09-22T00:05:50.779Z","v":0}
{"name":"9Challenge","hostname":"Jonathans-MBP","pid":9667,"level":30,"msg":"9Challenge listening at http://[::]:8080","time":"2019-09-22T00:06:21.433Z","v":0}
{"name":"9Challenge","hostname":"Jonathans-MBP","pid":9670,"level":30,"msg":"9Challenge listening at http://[::]:8080","time":"2019-09-22T00:06:38.614Z","v":0}
{"name":"9Challenge","hostname":"Jonathans-MBP","pid":9670,"level":10,"msg":"GET /api/ 404 7 ms","time":"2019-09-22T00:06:43.763Z","v":0}
{"name":"9Challenge","hostname":"Jonathans-MBP","pid":9670,"level":10,"msg":"GET /api/ 404 1 ms","time":"2019-09-22T00:06:47.651Z","v":0}
{"name":"9Challenge","hostname":"Jonathans-MBP","pid":9794,"level":30,"msg":"9Challenge listening at http://[::]:8080","time":"2019-09-22T00:11:03.502Z","v":0}
{"name":"9Challenge","hostname":"Jonathans-MBP","pid":9794,"level":10,"msg":"POST / 200 19 ms","time":"2019-09-22T00:11:07.571Z","v":0}
